<?xml version="1.0" encoding="UTF-8"?>
<!-- Generated by org.testng.reporters.JUnitReportReporter -->
<testsuite hostname="DESKTOP-NK1PL08" failures="0" tests="1" name="tests.SearchProductTest" time="6.247" errors="0" timestamp="2019-12-12T23:12:47 CET" skipped="0">
  <testcase classname="tests.SearchProductTest" name="UserCanSearchForProducts" time="6.247"/>
</testsuite> <!-- tests.SearchProductTest -->
